0 silly argv {
0 silly argv   _: [ 'run' ],
0 silly argv   parallel: true,
0 silly argv   lernaVersion: '4.0.0',
0 silly argv   '$0': 'lerna',
0 silly argv   script: 'clean'
0 silly argv }
1 notice cli v4.0.0
2 verbose rootPath /Users/shrivardhanlimbkar/Personal/git-repos/monaco-ui
3 info versioning independent
4 error Error: Invalid package name "monaco-ui/components": name can only contain URL-friendly characters
4 error     at invalidPackageName (/Users/shrivardhanlimbkar/.config/yarn/global/node_modules/npm-package-arg/npa.js:84:15)
4 error     at Result.setName (/Users/shrivardhanlimbkar/.config/yarn/global/node_modules/npm-package-arg/npa.js:119:11)
4 error     at new Result (/Users/shrivardhanlimbkar/.config/yarn/global/node_modules/npm-package-arg/npa.js:110:10)
4 error     at Function.resolve (/Users/shrivardhanlimbkar/.config/yarn/global/node_modules/npm-package-arg/npa.js:54:15)
4 error     at /Users/shrivardhanlimbkar/.config/yarn/global/node_modules/@lerna/package-graph/index.js:66:30
4 error     at Array.forEach (<anonymous>)
4 error     at /Users/shrivardhanlimbkar/.config/yarn/global/node_modules/@lerna/package-graph/index.js:60:38
4 error     at Map.forEach (<anonymous>)
4 error     at new PackageGraph (/Users/shrivardhanlimbkar/.config/yarn/global/node_modules/@lerna/package-graph/index.js:49:10)
